2023-10-21 14:01:08,488 PROGRAM START
2023-10-21 14:01:08,496 DEFINING THE GOAL VARIABLE AS DISORDER FOR BACKWARD CHAINING
2023-10-21 14:01:08,496 CALLING BACKWARD CHAINING PROCESS FUNCTION
2023-10-21 14:01:08,497 INSIDE THE PROCESS FUNCTION WITH GLOBAL VARIABLE :DISORDER
2023-10-21 14:01:08,497 visited rules: []
2023-10-21 14:01:08,498 INSIDE SEARCH_CON FUCNTION WITH GOAL VARIABLE :DISORDER
2023-10-21 14:01:08,498 THIS IS THE RULE TO BE PASSED TO NEXT FUNCTION:1
2023-10-21 14:01:08,498 THIS IS THE CALCULATED CLAUSE NUMBER :1 
2023-10-21 14:01:08,498 INSIDE UPDATE VL FUNCTION AT WITH CLAUSE NUMBER :1 
2023-10-21 14:01:12,576 UPDATING THE DERIVED VARIABLE LIST AS :{'SICK': 'yes'} 
2023-10-21 14:01:12,576 INSIDE UPDATE VALIDATE_RULE FUCNTION WITH RULE NUMNER :1 
2023-10-21 14:01:12,576 PRINTING THE SYMPTOM PRESENT IN KNOWLEGE BASE :['SICK'] 
2023-10-21 14:01:12,576 RULE IS NOT SATISFIED AND THE CONCLUSION RETUREND IS :None
2023-10-21 14:01:12,576 visited rules: [1]
2023-10-21 14:01:12,576 INSIDE SEARCH_CON FUCNTION WITH GOAL VARIABLE :DISORDER
2023-10-21 14:01:12,576 THIS IS THE RULE TO BE PASSED TO NEXT FUNCTION:4
2023-10-21 14:01:12,576 THIS IS THE CALCULATED CLAUSE NUMBER :31 
2023-10-21 14:01:12,576 INSIDE UPDATE VL FUNCTION AT WITH CLAUSE NUMBER :31 
2023-10-21 14:01:12,576 INSIDE THE PROCESS FUNCTION WITH GLOBAL VARIABLE :PERSONALITY DISEASE
2023-10-21 14:01:12,576 visited rules: [1]
2023-10-21 14:01:12,576 INSIDE SEARCH_CON FUCNTION WITH GOAL VARIABLE :PERSONALITY DISEASE
2023-10-21 14:01:12,576 THIS IS THE RULE TO BE PASSED TO NEXT FUNCTION:3
2023-10-21 14:01:12,576 THIS IS THE CALCULATED CLAUSE NUMBER :21 
2023-10-21 14:01:12,576 INSIDE UPDATE VL FUNCTION AT WITH CLAUSE NUMBER :21 
2023-10-21 14:01:12,576 INSIDE THE PROCESS FUNCTION WITH GLOBAL VARIABLE :ANXIETY
2023-10-21 14:01:12,576 visited rules: [1]
2023-10-21 14:01:12,576 INSIDE SEARCH_CON FUCNTION WITH GOAL VARIABLE :ANXIETY
2023-10-21 14:01:12,576 THIS IS THE RULE TO BE PASSED TO NEXT FUNCTION:2
2023-10-21 14:01:12,576 THIS IS THE CALCULATED CLAUSE NUMBER :11 
2023-10-21 14:01:12,576 INSIDE UPDATE VL FUNCTION AT WITH CLAUSE NUMBER :11 
2023-10-21 14:01:16,588 UPDATING THE DERIVED VARIABLE LIST AS :{'SICK': 'yes', 'IRRITABILITY': 'yes', 'UNFOCUSED': 'yes', 'RESTLESNESS': 'yes'} 
2023-10-21 14:01:16,588 INSIDE UPDATE VALIDATE_RULE FUCNTION WITH RULE NUMNER :2 
2023-10-21 14:01:16,588 PRINTING THE SYMPTOM PRESENT IN KNOWLEGE BASE :['SICK', 'IRRITABILITY', 'UNFOCUSED', 'RESTLESNESS'] 
2023-10-21 14:01:16,588 RULE IS SATISFIED AND THE CONCLUSION RETUREND IS :ANXIETY
2023-10-21 14:01:22,148 UPDATING THE DERIVED VARIABLE LIST AS :{'SICK': 'yes', 'IRRITABILITY': 'yes', 'UNFOCUSED': 'yes', 'RESTLESNESS': 'yes', 'ANXIETY': 'yes', 'DISORDER': 'ANXIETY', 'MOOD SWINGS': 'no', 'SOCIAL ISOLATION': 'no'} 
2023-10-21 14:01:22,148 INSIDE UPDATE VALIDATE_RULE FUCNTION WITH RULE NUMNER :3 
2023-10-21 14:01:22,148 PRINTING THE SYMPTOM PRESENT IN KNOWLEGE BASE :['ANXIETY', 'MOOD SWINGS', 'SOCIAL ISOLATION'] 
2023-10-21 14:01:22,148 RULE IS NOT SATISFIED AND THE CONCLUSION RETUREND IS :None
2023-10-21 14:01:22,148 INSIDE UPDATE VALIDATE_RULE FUCNTION WITH RULE NUMNER :4 
2023-10-21 14:01:22,148 PRINTING THE SYMPTOM PRESENT IN KNOWLEGE BASE :['PERSONALITY DISEASE', 'AGITATION', 'IMPULSIVITY', 'COMPULSIVE BEHAVIOUR', 'HYPERVIGILENCE', 'RITUALISTIC BEHAVIOUR', 'REPETITIVE BEHAVIOUR'] 
2023-10-21 14:01:22,148 RULE IS NOT SATISFIED AND THE CONCLUSION RETUREND IS :None
2023-10-21 14:01:22,148 visited rules: [1, 2, 3, 4]
2023-10-21 14:01:22,148 INSIDE SEARCH_CON FUCNTION WITH GOAL VARIABLE :DISORDER
2023-10-21 14:01:22,148 THIS IS THE RULE TO BE PASSED TO NEXT FUNCTION:5
2023-10-21 14:01:22,148 THIS IS THE CALCULATED CLAUSE NUMBER :41 
2023-10-21 14:01:22,148 INSIDE UPDATE VL FUNCTION AT WITH CLAUSE NUMBER :41 
2023-10-21 14:01:22,148 INSIDE UPDATE VALIDATE_RULE FUCNTION WITH RULE NUMNER :5 
2023-10-21 14:01:22,148 PRINTING THE SYMPTOM PRESENT IN KNOWLEGE BASE :['PERSONALITY DISEASE', 'BOREDOM', 'DISTORTED SELF IMAGE', 'EMPTYNESS', 'LOSS OF INTEREST'] 
2023-10-21 14:01:22,148 RULE IS NOT SATISFIED AND THE CONCLUSION RETUREND IS :None
2023-10-21 14:01:22,148 visited rules: [1, 2, 3, 4, 5]
2023-10-21 14:01:22,148 INSIDE SEARCH_CON FUCNTION WITH GOAL VARIABLE :DISORDER
2023-10-21 14:01:22,148 THIS IS THE RULE TO BE PASSED TO NEXT FUNCTION:7
2023-10-21 14:01:22,148 THIS IS THE CALCULATED CLAUSE NUMBER :61 
2023-10-21 14:01:22,148 INSIDE UPDATE VL FUNCTION AT WITH CLAUSE NUMBER :61 
2023-10-21 14:01:22,148 INSIDE THE PROCESS FUNCTION WITH GLOBAL VARIABLE :DEPRESSION
2023-10-21 14:01:22,148 visited rules: [1, 2, 3, 4, 5]
2023-10-21 14:01:22,148 INSIDE SEARCH_CON FUCNTION WITH GOAL VARIABLE :DEPRESSION
2023-10-21 14:01:22,148 THIS IS THE RULE TO BE PASSED TO NEXT FUNCTION:6
2023-10-21 14:01:22,148 THIS IS THE CALCULATED CLAUSE NUMBER :51 
2023-10-21 14:01:22,148 INSIDE UPDATE VL FUNCTION AT WITH CLAUSE NUMBER :51 
2023-10-21 14:01:24,988 UPDATING THE DERIVED VARIABLE LIST AS :{'SICK': 'yes', 'IRRITABILITY': 'yes', 'UNFOCUSED': 'yes', 'RESTLESNESS': 'yes', 'ANXIETY': 'yes', 'DISORDER': None, 'MOOD SWINGS': 'no', 'SOCIAL ISOLATION': 'no', 'PERSONALITY DISEASE': 'no', 'SADNESS': 'yes', 'ANGRY': 'yes'} 
2023-10-21 14:01:24,988 INSIDE UPDATE VALIDATE_RULE FUCNTION WITH RULE NUMNER :6 
2023-10-21 14:01:24,988 PRINTING THE SYMPTOM PRESENT IN KNOWLEGE BASE :['ANXIETY', 'SADNESS', 'ANGRY'] 
2023-10-21 14:01:24,989 RULE IS SATISFIED AND THE CONCLUSION RETUREND IS :DEPRESSION
2023-10-21 14:01:28,454 UPDATING THE DERIVED VARIABLE LIST AS :{'SICK': 'yes', 'IRRITABILITY': 'yes', 'UNFOCUSED': 'yes', 'RESTLESNESS': 'yes', 'ANXIETY': 'yes', 'DISORDER': 'DEPRESSION', 'MOOD SWINGS': 'no', 'SOCIAL ISOLATION': 'no', 'PERSONALITY DISEASE': 'no', 'SADNESS': 'yes', 'ANGRY': 'yes', 'DEPRESSION': 'yes', 'STEALING': 'no', 'STEALING PLEASURE': 'no', 'GUILT': 'no'} 
2023-10-21 14:01:28,454 INSIDE UPDATE VALIDATE_RULE FUCNTION WITH RULE NUMNER :7 
2023-10-21 14:01:28,454 PRINTING THE SYMPTOM PRESENT IN KNOWLEGE BASE :['DEPRESSION', 'STEALING', 'STEALING PLEASURE', 'GUILT'] 
2023-10-21 14:01:28,454 RULE IS NOT SATISFIED AND THE CONCLUSION RETUREND IS :None
2023-10-21 14:01:28,454 visited rules: [1, 2, 3, 4, 5, 6, 7]
2023-10-21 14:01:28,454 INSIDE SEARCH_CON FUCNTION WITH GOAL VARIABLE :DISORDER
2023-10-21 14:01:28,454 THIS IS THE RULE TO BE PASSED TO NEXT FUNCTION:8
2023-10-21 14:01:28,454 THIS IS THE CALCULATED CLAUSE NUMBER :71 
2023-10-21 14:01:28,454 INSIDE UPDATE VL FUNCTION AT WITH CLAUSE NUMBER :71 
2023-10-21 14:01:29,870 UPDATING THE DERIVED VARIABLE LIST AS :{'SICK': 'yes', 'IRRITABILITY': 'yes', 'UNFOCUSED': 'yes', 'RESTLESNESS': 'yes', 'ANXIETY': 'yes', 'DISORDER': 'DEPRESSION', 'MOOD SWINGS': 'no', 'SOCIAL ISOLATION': 'no', 'PERSONALITY DISEASE': 'no', 'SADNESS': 'yes', 'ANGRY': 'yes', 'DEPRESSION': 'yes', 'STEALING': 'no', 'STEALING PLEASURE': 'no', 'GUILT': 'no', 'HYPERACTIVITY': 'yes'} 
2023-10-21 14:01:29,871 INSIDE UPDATE VALIDATE_RULE FUCNTION WITH RULE NUMNER :8 
2023-10-21 14:01:29,871 PRINTING THE SYMPTOM PRESENT IN KNOWLEGE BASE :['DEPRESSION', 'HYPERACTIVITY'] 
2023-10-21 14:01:29,871 RULE IS SATISFIED AND THE CONCLUSION RETUREND IS :BIPOLAR DISORDER
2023-10-21 14:01:29,871 THIS IS THE GOAL IDENTIFIED BY BACKWARD CHAINING ALGORITHM :BIPOLAR DISORDER 
2023-10-21 14:01:29,871 PASSING THE DISORDER TO FORWARD CHAINING AND CALLING THE FORWARD CHAINING PROCESS FUNCTION
2023-10-21 14:01:29,874 INSIDE THE FORWARD PROCESS FUNCTION WITH GLOBAL VARIABLE :BIPOLAR DISORDER
2023-10-21 14:01:29,874 INSIDE SEARCH_CVL FUCNTION WITH GOAL VARIABLE :DISORDER
2023-10-21 14:01:29,874 visited clause: []
2023-10-21 14:01:29,874 THIS IS THE CLAUSE NUMBER TO BE PASSED TO NEXT FUNCTION:1
2023-10-21 14:01:29,874 INSIDE THE UPDATE_VL FUNCTION WITH CLAUSE NUMBER :1 
2023-10-21 14:01:33,947 UPDATING THE FORWARD DERIVED VARIABLE LIST AS :{'THOUGHT DISORDER': 'yes'} 
2023-10-21 14:01:33,947 INSIDE THE CLAUSE_TO_RULE FUNCTION WITH CLAUSE NUMBER :1 
2023-10-21 14:01:33,947 THIS IS THE CALCULATED RULE NUMBER :1 
2023-10-21 14:01:33,955 INSIDE UPDATE VALIDATE_RULE FUCNTION WITH RULE NUMNER :1 
2023-10-21 14:01:33,955 PRINTING THE SYMPTOM PRESENT IN FORWARD KNOWLEGE BASE :['DISORDER', 'THOUGHT DISORDER'] 
2023-10-21 14:01:33,955 RULE IS NOT SATISFIED AND THE TREATMENT RETUREND IS :None
2023-10-21 14:01:33,955 INSIDE SEARCH_CVL FUCNTION WITH GOAL VARIABLE :DISORDER
2023-10-21 14:01:33,955 visited clause: [1]
2023-10-21 14:01:33,955 THIS IS THE CLAUSE NUMBER TO BE PASSED TO NEXT FUNCTION:4
2023-10-21 14:01:33,955 INSIDE THE UPDATE_VL FUNCTION WITH CLAUSE NUMBER :4 
2023-10-21 14:01:35,102 UPDATING THE FORWARD DERIVED VARIABLE LIST AS :{'THOUGHT DISORDER': 'yes', 'COMPULSIVE HOARDING': 'yes'} 
2023-10-21 14:01:35,102 INSIDE THE CLAUSE_TO_RULE FUNCTION WITH CLAUSE NUMBER :4 
2023-10-21 14:01:35,102 THIS IS THE CALCULATED RULE NUMBER :2 
2023-10-21 14:01:35,102 INSIDE UPDATE VALIDATE_RULE FUCNTION WITH RULE NUMNER :2 
2023-10-21 14:01:35,102 PRINTING THE SYMPTOM PRESENT IN FORWARD KNOWLEGE BASE :['DISORDER', 'COMPULSIVE HOARDING'] 
2023-10-21 14:01:35,102 RULE IS NOT SATISFIED AND THE TREATMENT RETUREND IS :None
2023-10-21 14:01:35,102 INSIDE SEARCH_CVL FUCNTION WITH GOAL VARIABLE :DISORDER
2023-10-21 14:01:35,102 visited clause: [1, 4]
2023-10-21 14:01:35,102 THIS IS THE CLAUSE NUMBER TO BE PASSED TO NEXT FUNCTION:7
2023-10-21 14:01:35,102 INSIDE THE UPDATE_VL FUNCTION WITH CLAUSE NUMBER :7 
2023-10-21 14:01:35,626 UPDATING THE FORWARD DERIVED VARIABLE LIST AS :{'THOUGHT DISORDER': 'yes', 'COMPULSIVE HOARDING': 'yes', 'URGE TO STEAL': 'yes'} 
2023-10-21 14:01:35,626 INSIDE THE CLAUSE_TO_RULE FUNCTION WITH CLAUSE NUMBER :7 
2023-10-21 14:01:35,626 THIS IS THE CALCULATED RULE NUMBER :3 
2023-10-21 14:01:35,626 INSIDE UPDATE VALIDATE_RULE FUCNTION WITH RULE NUMNER :3 
2023-10-21 14:01:35,626 PRINTING THE SYMPTOM PRESENT IN FORWARD KNOWLEGE BASE :['DISORDER', 'URGE TO STEAL'] 
2023-10-21 14:01:35,626 RULE IS NOT SATISFIED AND THE TREATMENT RETUREND IS :None
2023-10-21 14:01:35,627 INSIDE SEARCH_CVL FUCNTION WITH GOAL VARIABLE :DISORDER
2023-10-21 14:01:35,627 visited clause: [1, 4, 7]
2023-10-21 14:01:35,627 THIS IS THE CLAUSE NUMBER TO BE PASSED TO NEXT FUNCTION:10
2023-10-21 14:01:35,627 INSIDE THE UPDATE_VL FUNCTION WITH CLAUSE NUMBER :10 
2023-10-21 14:01:36,087 UPDATING THE FORWARD DERIVED VARIABLE LIST AS :{'THOUGHT DISORDER': 'yes', 'COMPULSIVE HOARDING': 'yes', 'URGE TO STEAL': 'yes', 'TALKATIVENESS': 'yes'} 
2023-10-21 14:01:36,087 INSIDE THE CLAUSE_TO_RULE FUNCTION WITH CLAUSE NUMBER :10 
2023-10-21 14:01:36,087 THIS IS THE CALCULATED RULE NUMBER :4 
2023-10-21 14:01:36,087 INSIDE UPDATE VALIDATE_RULE FUCNTION WITH RULE NUMNER :4 
2023-10-21 14:01:36,087 PRINTING THE SYMPTOM PRESENT IN FORWARD KNOWLEGE BASE :['DISORDER', 'TALKATIVENESS'] 
2023-10-21 14:01:36,087 RULE IS SATISFIED AND THE TREATMENT RETUREND IS :['MOOD STABILIZERS', 'ANTIPSYCHOTIC DRUGS', 'SOCIAL RYTHM THERAPY']
2023-10-21 14:01:36,097 THIS IS THE GOAL IDENTIFIED BY FORWARD CHAINING ALGORITHM :['MOOD STABILIZERS', 'ANTIPSYCHOTIC DRUGS', 'SOCIAL RYTHM THERAPY'] 
